<?xml version="1.0" encoding="UTF-8"?>
<!-- Generated by org.testng.reporters.JUnitReportReporter -->
<testsuite hostname="DESKTOP-O4BFA6G" failures="0" tests="2" name="testcases.Standalone" time="14.694" errors="0" timestamp="2024-06-03T02:09:18 IST" skipped="0">
  <testcase classname="testcases.Standalone" name="VerifyOrderTest" time="7.516"/>
  <testcase classname="testcases.Standalone" name="standaloneTest" time="7.178"/>
</testsuite> <!-- testcases.Standalone -->
