<?xml version="1.0" encoding="UTF-8"?>
<!-- Generated by org.testng.reporters.JUnitReportReporter -->
<testsuite hostname="DESKTOP-O4BFA6G" failures="0" tests="1" name="cucumber.TestNGRunner" time="10.934" errors="0" timestamp="2024-06-04T01:30:07 IST" skipped="0">
  <testcase classname="cucumber.TestNGRunner" name="runScenario" time="10.934"/>
</testsuite> <!-- cucumber.TestNGRunner -->
